# JRE version: Java(TM) SE Runtime Environment (8.0_65-b17) (build 1.8.0_65-b17)
# Java VM: Java HotSpot(TM) Client VM (25.65-b01 mixed mode, sharing windows-x86 )
Heap:
 def new generation   total 4928K, used 2051K [0x03a00000, 0x03f50000, 0x08f50000)
  eden space 4416K,  34% used [0x03a00000, 0x03b80ed0, 0x03e50000)
  from space 512K, 100% used [0x03e50000, 0x03ed0000, 0x03ed0000)
  to   space 512K,   0% used [0x03ed0000, 0x03ed0000, 0x03f50000)
 tenured generation   total 10944K, used 1766K [0x08f50000, 0x09a00000, 0x13a00000)
   the space 10944K,  16% used [0x08f50000, 0x09109b48, 0x09109c00, 0x09a00000)
 Metaspace       used 1729K, capacity 3928K, committed 4032K, reserved 4480K
GC Heap History (4 events):
Event: 4.711 GC heap before
{Heap before GC invocations=0 (full 0):
 def new generation   total 4928K, used 4416K [0x03a00000, 0x03f50000, 0x08f50000)
  eden space 4416K, 100% used [0x03a00000, 0x03e50000, 0x03e50000)
  from space 512K,   0% used [0x03e50000, 0x03e50000, 0x03ed0000)
  to   space 512K,   0% used [0x03ed0000, 0x03ed0000, 0x03f50000)
 tenured generation   total 10944K, used 0K [0x08f50000, 0x09a00000, 0x13a00000)
   the space 10944K,   0% used [0x08f50000, 0x08f50000, 0x08f50200, 0x09a00000)
 Metaspace       used 839K, capacity 3011K, committed 3136K, reserved 4480K
Event: 4.717 GC heap after
Heap after GC invocations=1 (full 0):
 def new generation   total 4928K, used 512K [0x03a00000, 0x03f50000, 0x08f50000)
  eden space 4416K,   0% used [0x03a00000, 0x03a00000, 0x03e50000)
  from space 512K, 100% used [0x03ed0000, 0x03f50000, 0x03f50000)
  to   space 512K,   0% used [0x03e50000, 0x03e50000, 0x03ed0000)
 tenured generation   total 10944K, used 813K [0x08f50000, 0x09a00000, 0x13a00000)
   the space 10944K,   7% used [0x08f50000, 0x0901b480, 0x0901b600, 0x09a00000)
 Metaspace       used 839K, capacity 3011K, committed 3136K, reserved 4480K
}
Event: 6.214 GC heap before
{Heap before GC invocations=1 (full 0):
 def new generation   total 4928K, used 4928K [0x03a00000, 0x03f50000, 0x08f50000)
  eden space 4416K, 100% used [0x03a00000, 0x03e50000, 0x03e50000)
  from space 512K, 100% used [0x03ed0000, 0x03f50000, 0x03f50000)
  to   space 512K,   0% used [0x03e50000, 0x03e50000, 0x03ed0000)
 tenured generation   total 10944K, used 813K [0x08f50000, 0x09a00000, 0x13a00000)
   the space 10944K,   7% used [0x08f50000, 0x0901b480, 0x0901b600, 0x09a00000)
 Metaspace       used 1651K, capacity 3863K, committed 3904K, reserved 4480K
Event: 6.221 GC heap after
Heap after GC invocations=2 (full 0):
 def new generation   total 4928K, used 512K [0x03a00000, 0x03f50000, 0x08f50000)
  eden space 4416K,   0% used [0x03a00000, 0x03a00000, 0x03e50000)
  from space 512K, 100% used [0x03e50000, 0x03ed0000, 0x03ed0000)
  to   space 512K,   0% used [0x03ed0000, 0x03ed0000, 0x03f50000)
 tenured generation   total 10944K, used 1766K [0x08f50000, 0x09a00000, 0x13a00000)
   the space 10944K,  16% used [0x08f50000, 0x09109b48, 0x09109c00, 0x09a00000)
 Metaspace       used 1651K, capacity 3863K, committed 3904K, reserved 4480K
}

